
> web@1.0.0 start F:\SiftDeep\apps\web
> next start

▲ Next.js 16.1.6
- Local:         http://localhost:3000
- Network:       http://192.168.159.1:3000

✓ Starting...
✓ Ready in 654ms
[next-auth][warn][NEXTAUTH_URL] 
https://next-auth.js.org/warnings#nextauth_url
[next-auth][warn][NEXTAUTH_URL] 
https://next-auth.js.org/warnings#nextauth_url
Get user error User not found.
Get user error User not found.
Get user error User not found.
Get user error User not found.
Get user error User not found.
Get user error User not found.
Get user error User not found.
Get user error User not found.
Get user error User not found.
Get user error User not found.
Get user error User not found.
Get user error User not found.
Get user error User not found.
Get user error User not found.
Get user error User not found.
Get user error User not found.
Get user error User not found.
Get user error User not found.
Get user error User not found.
Get user error User not found.
Get user error User not found.
Get user error User not found.
Get user error User not found.
Get user error User not found.
Get user error User not found.
Get user error User not found.
Get user error User not found.
Get user error User not found.
Get user error User not found.
Get user error User not found.
Get user error User not found.
Get user error User not found.
Get user error User not found.
Get user error User not found.
Get user error User not found.
Get user error User not found.
Get user error User not found.
Get user error User not found.
Get user error User not found.
Get user error User not found.
Get user error User not found.
Get user error User not found.
Get user error User not found.
Get user error User not found.
Get user error User not found.
Get user error User not found.
Get user error User not found.
Get user error User not found.
Get user error User not found.
Get user error User not found.
Get user error User not found.
Get user error User not found.
Get user error User not found.
Get user error User not found.
Get user error User not found.
Get user error User not found.
Get user error User not found.
Get user error User not found.
Get user error User not found.
Get user error User not found.
Get user error User not found.
Get user error User not found.
Get user error User not found.
Get user error User not found.
Get user error User not found.
Get user error User not found.
Get user error User not found.
Get user error User not found.
